2023-04-04 08:17:22.128 INFO  c.t.I.InstitueManagmentSysApplication - Starting InstitueManagmentSysApplication using Java 19.0.1 with PID 20660 (C:\Users\LAP-7\Documents\SpringBoot\InstitueManagmentSys\target\classes started by LAP-7 in C:\Users\LAP-7\Documents\SpringBoot\InstitueManagmentSys)
2023-04-04 08:17:22.136 INFO  c.t.I.InstitueManagmentSysApplication - No active profile set, falling back to 1 default profile: "default"
2023-04-04 08:17:23.280 INFO  o.s.b.w.e.tomcat.TomcatWebServer - Tomcat initialized with port(s): 8080 (http)
2023-04-04 08:17:23.291 INFO  o.a.coyote.http11.Http11NioProtocol - Initializing ProtocolHandler ["http-nio-8080"]
2023-04-04 08:17:23.293 INFO  o.a.catalina.core.StandardService - Starting service [Tomcat]
2023-04-04 08:17:23.294 INFO  o.a.catalina.core.StandardEngine - Starting Servlet engine: [Apache Tomcat/10.1.5]
2023-04-04 08:17:23.397 INFO  o.a.c.c.C.[Tomcat].[localhost].[/] - Initializing Spring embedded WebApplicationContext
2023-04-04 08:17:23.397 INFO  o.s.b.w.s.c.ServletWebServerApplicationContext - Root WebApplicationContext: initialization completed in 1199 ms
2023-04-04 08:17:23.802 INFO  o.a.coyote.http11.Http11NioProtocol - Starting ProtocolHandler ["http-nio-8080"]
2023-04-04 08:17:23.824 INFO  o.s.b.w.e.tomcat.TomcatWebServer - Tomcat started on port(s): 8080 (http) with context path ''
2023-04-04 08:17:23.838 INFO  c.t.I.InstitueManagmentSysApplication - Started InstitueManagmentSysApplication in 2.176 seconds (process running for 3.0)
2023-04-04 08:18:21.361 INFO  o.a.c.c.C.[Tomcat].[localhost].[/] - Initializing Spring DispatcherServlet 'dispatcherServlet'
2023-04-04 08:18:21.361 INFO  o.s.web.servlet.DispatcherServlet - Initializing Servlet 'dispatcherServlet'
2023-04-04 08:18:21.361 INFO  o.s.web.servlet.DispatcherServlet - Completed initialization in 0 ms
2023-04-04 11:19:21.785 INFO  c.t.I.InstitueManagmentSysApplication - Starting InstitueManagmentSysApplication using Java 19.0.1 with PID 9328 (C:\Users\LAP-7\Documents\SpringBoot\InstitueManagmentSys\target\classes started by LAP-7 in C:\Users\LAP-7\Documents\SpringBoot\InstitueManagmentSys)
2023-04-04 11:19:21.787 INFO  c.t.I.InstitueManagmentSysApplication - No active profile set, falling back to 1 default profile: "default"
2023-04-04 11:19:22.966 INFO  o.s.b.w.e.tomcat.TomcatWebServer - Tomcat initialized with port(s): 8080 (http)
2023-04-04 11:19:22.978 INFO  o.a.coyote.http11.Http11NioProtocol - Initializing ProtocolHandler ["http-nio-8080"]
2023-04-04 11:19:22.979 INFO  o.a.catalina.core.StandardService - Starting service [Tomcat]
2023-04-04 11:19:22.980 INFO  o.a.catalina.core.StandardEngine - Starting Servlet engine: [Apache Tomcat/10.1.5]
2023-04-04 11:19:23.084 INFO  o.a.c.c.C.[Tomcat].[localhost].[/] - Initializing Spring embedded WebApplicationContext
2023-04-04 11:19:23.084 INFO  o.s.b.w.s.c.ServletWebServerApplicationContext - Root WebApplicationContext: initialization completed in 1219 ms
2023-04-04 11:19:23.599 INFO  o.s.s.web.DefaultSecurityFilterChain - Will secure any request with [org.springframework.security.web.session.DisableEncodeUrlFilter@456bcb74, org.springframework.security.web.context.request.async.WebAsyncManagerIntegrationFilter@a9c5b75, org.springframework.security.web.context.SecurityContextHolderFilter@3e05586b, org.springframework.security.web.header.HeaderWriterFilter@7f9e8421, org.springframework.security.web.csrf.CsrfFilter@f29353f, org.springframework.security.web.authentication.logout.LogoutFilter@640cc04b, org.springframework.security.web.authentication.UsernamePasswordAuthenticationFilter@47f04e4d, org.springframework.security.web.authentication.ui.DefaultLoginPageGeneratingFilter@485caa8f, org.springframework.security.web.authentication.ui.DefaultLogoutPageGeneratingFilter@dd4aec3, org.springframework.security.web.authentication.www.BasicAuthenticationFilter@2dbc408c, org.springframework.security.web.savedrequest.RequestCacheAwareFilter@45545e7a, org.springframework.security.web.servletapi.SecurityContextHolderAwareRequestFilter@448b808a, org.springframework.security.web.authentication.AnonymousAuthenticationFilter@4dac121d, org.springframework.security.web.access.ExceptionTranslationFilter@4a8ffd75, org.springframework.security.web.access.intercept.AuthorizationFilter@5cf8676a]
2023-04-04 11:19:23.623 INFO  o.a.coyote.http11.Http11NioProtocol - Starting ProtocolHandler ["http-nio-8080"]
2023-04-04 11:19:23.643 INFO  o.s.b.w.e.tomcat.TomcatWebServer - Tomcat started on port(s): 8080 (http) with context path ''
2023-04-04 11:19:23.655 INFO  c.t.I.InstitueManagmentSysApplication - Started InstitueManagmentSysApplication in 2.358 seconds (process running for 3.1)
2023-04-04 11:19:27.385 INFO  o.a.c.c.C.[Tomcat].[localhost].[/] - Initializing Spring DispatcherServlet 'dispatcherServlet'
2023-04-04 11:19:27.386 INFO  o.s.web.servlet.DispatcherServlet - Initializing Servlet 'dispatcherServlet'
2023-04-04 11:19:27.387 INFO  o.s.web.servlet.DispatcherServlet - Completed initialization in 1 ms
